=== HomeController index 2025-11-06 14:56:46 ===
User permission: 
========================

=== HomeController index 2025-11-06 14:57:59 ===
User permission: 
========================

=== HomeController index 2025-11-06 14:59:02 ===
User permission: 
========================

=== HomeController index 2025-11-06 14:59:34 ===
User permission: 
========================

=== HomeController index 2025-11-06 14:59:34 ===
User permission: 
========================

=== HomeController index 2025-11-06 14:59:46 ===
User permission: 
========================

=== HomeController index 2025-11-06 15:06:07 ===
User permission: user
========================

=== HomeController index 2025-11-06 15:06:42 ===
User permission: user
========================

=== HomeController index 2025-11-06 15:07:24 ===
User permission: user
========================

=== HomeController index 2025-11-06 15:08:49 ===
User permission: admin
========================

=== HomeController index 2025-11-06 15:16:25 ===
User permission: admin
========================

=== HomeController index 2025-11-06 15:16:33 ===
User permission: admin
========================

=== HomeController index 2025-11-06 15:18:51 ===
User permission: journalist
Journalist detected, checking for redirect logic
========================

=== HomeController index 2025-11-06 15:24:03 ===
User permission: admin
========================

=== HomeController index 2025-11-06 15:24:09 ===
User permission: admin
========================

